This is pdfTeX, Version 3.14159265-2.6-1.40.16 (TeX Live 2015) (preloaded format=pdflatex 2015.5.24)  13 APR 2017 01:33
entering extended mode
 restricted \write18 enabled.
 %&-line parsing enabled.
**presentation.tex
(./presentation.tex
LaTeX2e <2015/01/01>
Babel <3.9l> and hyphenation patterns for 79 languages loaded.
(/usr/local/texlive/2015/texmf-dist/tex/latex/beamer/beamer.cls
(/usr/local/texlive/2015/texmf-dist/tex/latex/beamer/beamerbasercs.sty
Package: beamerbasercs 2015/03/08 (rcs-revision 368aa9ba9d38)
)
Document Class: beamer 2015/01/05 3.36 A class for typesetting presentations (r
cs-revision 8a39122e1f63)
(/usr/local/texlive/2015/texmf-dist/tex/latex/beamer/beamerbasemodes.sty
Package: beamerbasemodes 2013/09/03 (rcs-revision 768f2d98ca64)
\beamer@tempbox=\box26
\beamer@tempcount=\count79
\c@beamerpauses=\count80

(/usr/local/texlive/2015/texmf-dist/tex/latex/beamer/beamerbasedecode.sty
Package: beamerbasedecode 2010/05/01 (rcs-revision efa082c6111d)
\beamer@slideinframe=\count81
\beamer@minimum=\count82
)
\beamer@commentbox=\box27
\beamer@modecount=\count83
)
(/usr/local/texlive/2015/texmf-dist/tex/generic/oberdiek/ifpdf.sty
Package: ifpdf 2011/01/30 v2.3 Provides the ifpdf switch (HO)
Package ifpdf Info: pdfTeX in PDF mode is detected.
)
\headheight=\dimen102
\headdp=\dimen103
\footheight=\dimen104
\sidebarheight=\dimen105
\beamer@tempdim=\dimen106
\beamer@finalheight=\dimen107
\beamer@animht=\dimen108
\beamer@animdp=\dimen109
\beamer@animwd=\dimen110
\beamer@leftmargin=\dimen111
\beamer@rightmargin=\dimen112
\beamer@leftsidebar=\dimen113
\beamer@rightsidebar=\dimen114
\beamer@boxsize=\dimen115
\beamer@vboxoffset=\dimen116
\beamer@descdefault=\dimen117
\beamer@descriptionwidth=\dimen118
\beamer@lastskip=\skip41
\beamer@areabox=\box28
\beamer@animcurrent=\box29
\beamer@animshowbox=\box30
\beamer@sectionbox=\box31
\beamer@logobox=\box32
\beamer@linebox=\box33
\beamer@sectioncount=\count84
\beamer@subsubsectionmax=\count85
\beamer@subsectionmax=\count86
\beamer@sectionmax=\count87
\beamer@totalheads=\count88
\beamer@headcounter=\count89
\beamer@partstartpage=\count90
\beamer@sectionstartpage=\count91
\beamer@subsectionstartpage=\count92
\beamer@animationtempa=\count93
\beamer@animationtempb=\count94
\beamer@xpos=\count95
\beamer@ypos=\count96
\beamer@showpartnumber=\count97
\beamer@currentsubsection=\count98
\beamer@coveringdepth=\count99
\beamer@sectionadjust=\count100
\beamer@tocsectionnumber=\count101

(/usr/local/texlive/2015/texmf-dist/tex/latex/beamer/beamerbaseoptions.sty
Package: beamerbaseoptions 2013/03/10 (rcs-revision 47431932db0d)

(/usr/local/texlive/2015/texmf-dist/tex/latex/graphics/keyval.sty
Package: keyval 2014/10/28 v1.15 key=value parser (DPC)
\KV@toks@=\toks14
))
\beamer@paperwidth=\skip42
\beamer@paperheight=\skip43

(/usr/local/texlive/2015/texmf-dist/tex/latex/geometry/geometry.sty
Package: geometry 2010/09/12 v5.6 Page Geometry

(/usr/local/texlive/2015/texmf-dist/tex/generic/oberdiek/ifvtex.sty
Package: ifvtex 2010/03/01 v1.5 Detect VTeX and its facilities (HO)
Package ifvtex Info: VTeX not detected.
)
(/usr/local/texlive/2015/texmf-dist/tex/generic/ifxetex/ifxetex.sty
Package: ifxetex 2010/09/12 v0.6 Provides ifxetex conditional
)
\Gm@cnth=\count102
\Gm@cntv=\count103
\c@Gm@tempcnt=\count104
\Gm@bindingoffset=\dimen119
\Gm@wd@mp=\dimen120
\Gm@odd@mp=\dimen121
\Gm@even@mp=\dimen122
\Gm@layoutwidth=\dimen123
\Gm@layoutheight=\dimen124
\Gm@layouthoffset=\dimen125
\Gm@layoutvoffset=\dimen126
\Gm@dimlist=\toks15
)
(/usr/local/texlive/2015/texmf-dist/tex/latex/base/size11.clo
File: size11.clo 2014/09/29 v1.4h Standard LaTeX file (size option)
)
(/usr/local/texlive/2015/texmf-dist/tex/latex/pgf/basiclayer/pgfcore.sty
(/usr/local/texlive/2015/texmf-dist/tex/latex/graphics/graphicx.sty
Package: graphicx 2014/10/28 v1.0g Enhanced LaTeX Graphics (DPC,SPQR)

(/usr/local/texlive/2015/texmf-dist/tex/latex/graphics/graphics.sty
Package: graphics 2014/10/28 v1.0p Standard LaTeX Graphics (DPC,SPQR)

(/usr/local/texlive/2015/texmf-dist/tex/latex/graphics/trig.sty
Package: trig 1999/03/16 v1.09 sin cos tan (DPC)
)
(/usr/local/texlive/2015/texmf-dist/tex/latex/latexconfig/graphics.cfg
File: graphics.cfg 2010/04/23 v1.9 graphics configuration of TeX Live
)
Package graphics Info: Driver file: pdftex.def on input line 94.

(/usr/local/texlive/2015/texmf-dist/tex/latex/pdftex-def/pdftex.def
File: pdftex.def 2011/05/27 v0.06d Graphics/color for pdfTeX

(/usr/local/texlive/2015/texmf-dist/tex/generic/oberdiek/infwarerr.sty
Package: infwarerr 2010/04/08 v1.3 Providing info/warning/error messages (HO)
)
(/usr/local/texlive/2015/texmf-dist/tex/generic/oberdiek/ltxcmds.sty
Package: ltxcmds 2011/11/09 v1.22 LaTeX kernel commands for general use (HO)
)
\Gread@gobject=\count105
))
\Gin@req@height=\dimen127
\Gin@req@width=\dimen128
)
(/usr/local/texlive/2015/texmf-dist/tex/latex/pgf/systemlayer/pgfsys.sty
(/usr/local/texlive/2015/texmf-dist/tex/latex/pgf/utilities/pgfrcs.sty
(/usr/local/texlive/2015/texmf-dist/tex/generic/pgf/utilities/pgfutil-common.te
x
\pgfutil@everybye=\toks16
\pgfutil@tempdima=\dimen129
\pgfutil@tempdimb=\dimen130

(/usr/local/texlive/2015/texmf-dist/tex/generic/pgf/utilities/pgfutil-common-li
sts.tex))
(/usr/local/texlive/2015/texmf-dist/tex/generic/pgf/utilities/pgfutil-latex.def
\pgfutil@abb=\box34
(/usr/local/texlive/2015/texmf-dist/tex/latex/ms/everyshi.sty
Package: everyshi 2001/05/15 v3.00 EveryShipout Package (MS)
))
(/usr/local/texlive/2015/texmf-dist/tex/generic/pgf/utilities/pgfrcs.code.tex
Package: pgfrcs 2013/12/20 v3.0.0 (rcs-revision 1.28)
))
(/usr/local/texlive/2015/texmf-dist/tex/generic/pgf/systemlayer/pgfsys.code.tex
Package: pgfsys 2013/11/30 v3.0.0 (rcs-revision 1.47)
(/usr/local/texlive/2015/texmf-dist/tex/generic/pgf/utilities/pgfkeys.code.tex
\pgfkeys@pathtoks=\toks17
\pgfkeys@temptoks=\toks18

(/usr/local/texlive/2015/texmf-dist/tex/generic/pgf/utilities/pgfkeysfiltered.c
ode.tex
\pgfkeys@tmptoks=\toks19
))
\pgf@x=\dimen131
\pgf@y=\dimen132
\pgf@xa=\dimen133
\pgf@ya=\dimen134
\pgf@xb=\dimen135
\pgf@yb=\dimen136
\pgf@xc=\dimen137
\pgf@yc=\dimen138
\w@pgf@writea=\write3
\r@pgf@reada=\read1
\c@pgf@counta=\count106
\c@pgf@countb=\count107
\c@pgf@countc=\count108
\c@pgf@countd=\count109
\t@pgf@toka=\toks20
\t@pgf@tokb=\toks21
\t@pgf@tokc=\toks22

(/usr/local/texlive/2015/texmf-dist/tex/generic/pgf/systemlayer/pgf.cfg
File: pgf.cfg 2008/05/14  (rcs-revision 1.7)
)
Driver file for pgf: pgfsys-pdftex.def

(/usr/local/texlive/2015/texmf-dist/tex/generic/pgf/systemlayer/pgfsys-pdftex.d
ef
File: pgfsys-pdftex.def 2013/07/18  (rcs-revision 1.33)

(/usr/local/texlive/2015/texmf-dist/tex/generic/pgf/systemlayer/pgfsys-common-p
df.def
File: pgfsys-common-pdf.def 2013/10/10  (rcs-revision 1.13)
)))
(/usr/local/texlive/2015/texmf-dist/tex/generic/pgf/systemlayer/pgfsyssoftpath.
code.tex
File: pgfsyssoftpath.code.tex 2013/09/09  (rcs-revision 1.9)
\pgfsyssoftpath@smallbuffer@items=\count110
\pgfsyssoftpath@bigbuffer@items=\count111
)
(/usr/local/texlive/2015/texmf-dist/tex/generic/pgf/systemlayer/pgfsysprotocol.
code.tex
File: pgfsysprotocol.code.tex 2006/10/16  (rcs-revision 1.4)
)) (/usr/local/texlive/2015/texmf-dist/tex/latex/xcolor/xcolor.sty
Package: xcolor 2007/01/21 v2.11 LaTeX color extensions (UK)

(/usr/local/texlive/2015/texmf-dist/tex/latex/latexconfig/color.cfg
File: color.cfg 2007/01/18 v1.5 color configuration of teTeX/TeXLive
)
Package xcolor Info: Driver file: pdftex.def on input line 225.
Package xcolor Info: Model `cmy' substituted by `cmy0' on input line 1337.
Package xcolor Info: Model `hsb' substituted by `rgb' on input line 1341.
Package xcolor Info: Model `RGB' extended on input line 1353.
Package xcolor Info: Model `HTML' substituted by `rgb' on input line 1355.
Package xcolor Info: Model `Hsb' substituted by `hsb' on input line 1356.
Package xcolor Info: Model `tHsb' substituted by `hsb' on input line 1357.
Package xcolor Info: Model `HSB' substituted by `hsb' on input line 1358.
Package xcolor Info: Model `Gray' substituted by `gray' on input line 1359.
Package xcolor Info: Model `wave' substituted by `hsb' on input line 1360.
)
(/usr/local/texlive/2015/texmf-dist/tex/generic/pgf/basiclayer/pgfcore.code.tex
Package: pgfcore 2010/04/11 v3.0.0 (rcs-revision 1.7)
(/usr/local/texlive/2015/texmf-dist/tex/generic/pgf/math/pgfmath.code.tex
(/usr/local/texlive/2015/texmf-dist/tex/generic/pgf/math/pgfmathcalc.code.tex
(/usr/local/texlive/2015/texmf-dist/tex/generic/pgf/math/pgfmathutil.code.tex)
(/usr/local/texlive/2015/texmf-dist/tex/generic/pgf/math/pgfmathparser.code.tex
\pgfmath@dimen=\dimen139
\pgfmath@count=\count112
\pgfmath@box=\box35
\pgfmath@toks=\toks23
\pgfmath@stack@operand=\toks24
\pgfmath@stack@operation=\toks25
)
(/usr/local/texlive/2015/texmf-dist/tex/generic/pgf/math/pgfmathfunctions.code.
tex
(/usr/local/texlive/2015/texmf-dist/tex/generic/pgf/math/pgfmathfunctions.basic
.code.tex)
(/usr/local/texlive/2015/texmf-dist/tex/generic/pgf/math/pgfmathfunctions.trigo
nometric.code.tex)
(/usr/local/texlive/2015/texmf-dist/tex/generic/pgf/math/pgfmathfunctions.rando
m.code.tex)
(/usr/local/texlive/2015/texmf-dist/tex/generic/pgf/math/pgfmathfunctions.compa
rison.code.tex)
(/usr/local/texlive/2015/texmf-dist/tex/generic/pgf/math/pgfmathfunctions.base.
code.tex)
(/usr/local/texlive/2015/texmf-dist/tex/generic/pgf/math/pgfmathfunctions.round
.code.tex)
(/usr/local/texlive/2015/texmf-dist/tex/generic/pgf/math/pgfmathfunctions.misc.
code.tex)
(/usr/local/texlive/2015/texmf-dist/tex/generic/pgf/math/pgfmathfunctions.integ
erarithmetics.code.tex)))
(/usr/local/texlive/2015/texmf-dist/tex/generic/pgf/math/pgfmathfloat.code.tex
\c@pgfmathroundto@lastzeros=\count113
))
(/usr/local/texlive/2015/texmf-dist/tex/generic/pgf/basiclayer/pgfcorepoints.co
de.tex
File: pgfcorepoints.code.tex 2013/10/07  (rcs-revision 1.27)
\pgf@picminx=\dimen140
\pgf@picmaxx=\dimen141
\pgf@picminy=\dimen142
\pgf@picmaxy=\dimen143
\pgf@pathminx=\dimen144
\pgf@pathmaxx=\dimen145
\pgf@pathminy=\dimen146
\pgf@pathmaxy=\dimen147
\pgf@xx=\dimen148
\pgf@xy=\dimen149
\pgf@yx=\dimen150
\pgf@yy=\dimen151
\pgf@zx=\dimen152
\pgf@zy=\dimen153
)
(/usr/local/texlive/2015/texmf-dist/tex/generic/pgf/basiclayer/pgfcorepathconst
ruct.code.tex
File: pgfcorepathconstruct.code.tex 2013/10/07  (rcs-revision 1.29)
\pgf@path@lastx=\dimen154
\pgf@path@lasty=\dimen155
)
(/usr/local/texlive/2015/texmf-dist/tex/generic/pgf/basiclayer/pgfcorepathusage
.code.tex
File: pgfcorepathusage.code.tex 2013/12/13  (rcs-revision 1.23)
\pgf@shorten@end@additional=\dimen156
\pgf@shorten@start@additional=\dimen157
)
(/usr/local/texlive/2015/texmf-dist/tex/generic/pgf/basiclayer/pgfcorescopes.co
de.tex
File: pgfcorescopes.code.tex 2013/10/09  (rcs-revision 1.44)
\pgfpic=\box36
\pgf@hbox=\box37
\pgf@layerbox@main=\box38
\pgf@picture@serial@count=\count114
)
(/usr/local/texlive/2015/texmf-dist/tex/generic/pgf/basiclayer/pgfcoregraphicst
ate.code.tex
File: pgfcoregraphicstate.code.tex 2013/09/19  (rcs-revision 1.11)
\pgflinewidth=\dimen158
)
(/usr/local/texlive/2015/texmf-dist/tex/generic/pgf/basiclayer/pgfcoretransform
ations.code.tex
File: pgfcoretransformations.code.tex 2013/10/10  (rcs-revision 1.17)
\pgf@pt@x=\dimen159
\pgf@pt@y=\dimen160
\pgf@pt@temp=\dimen161
)
(/usr/local/texlive/2015/texmf-dist/tex/generic/pgf/basiclayer/pgfcorequick.cod
e.tex
File: pgfcorequick.code.tex 2008/10/09  (rcs-revision 1.3)
)
(/usr/local/texlive/2015/texmf-dist/tex/generic/pgf/basiclayer/pgfcoreobjects.c
ode.tex
File: pgfcoreobjects.code.tex 2006/10/11  (rcs-revision 1.2)
)
(/usr/local/texlive/2015/texmf-dist/tex/generic/pgf/basiclayer/pgfcorepathproce
ssing.code.tex
File: pgfcorepathprocessing.code.tex 2013/09/09  (rcs-revision 1.9)
)
(/usr/local/texlive/2015/texmf-dist/tex/generic/pgf/basiclayer/pgfcorearrows.co
de.tex
File: pgfcorearrows.code.tex 2013/11/07  (rcs-revision 1.40)
\pgfarrowsep=\dimen162
)
(/usr/local/texlive/2015/texmf-dist/tex/generic/pgf/basiclayer/pgfcoreshade.cod
e.tex
File: pgfcoreshade.code.tex 2013/07/15  (rcs-revision 1.15)
\pgf@max=\dimen163
\pgf@sys@shading@range@num=\count115
)
(/usr/local/texlive/2015/texmf-dist/tex/generic/pgf/basiclayer/pgfcoreimage.cod
e.tex
File: pgfcoreimage.code.tex 2013/07/15  (rcs-revision 1.18)

(/usr/local/texlive/2015/texmf-dist/tex/generic/pgf/basiclayer/pgfcoreexternal.
code.tex
File: pgfcoreexternal.code.tex 2013/07/15  (rcs-revision 1.20)
\pgfexternal@startupbox=\box39
))
(/usr/local/texlive/2015/texmf-dist/tex/generic/pgf/basiclayer/pgfcorelayers.co
de.tex
File: pgfcorelayers.code.tex 2013/07/18  (rcs-revision 1.7)
)
(/usr/local/texlive/2015/texmf-dist/tex/generic/pgf/basiclayer/pgfcoretranspare
ncy.code.tex
File: pgfcoretransparency.code.tex 2013/09/30  (rcs-revision 1.5)
)
(/usr/local/texlive/2015/texmf-dist/tex/generic/pgf/basiclayer/pgfcorepatterns.
code.tex
File: pgfcorepatterns.code.tex 2013/11/07  (rcs-revision 1.5)
)))
(/usr/local/texlive/2015/texmf-dist/tex/latex/pgf/utilities/xxcolor.sty
Package: xxcolor 2003/10/24 ver 0.1
\XC@nummixins=\count116
\XC@countmixins=\count117
)
(/usr/local/texlive/2015/texmf-dist/tex/generic/oberdiek/atbegshi.sty
Package: atbegshi 2011/10/05 v1.16 At begin shipout hook (HO)
)
(/usr/local/texlive/2015/texmf-dist/tex/latex/hyperref/hyperref.sty
Package: hyperref 2012/11/06 v6.83m Hypertext links for LaTeX

(/usr/local/texlive/2015/texmf-dist/tex/generic/oberdiek/hobsub-hyperref.sty
Package: hobsub-hyperref 2012/05/28 v1.13 Bundle oberdiek, subset hyperref (HO)


(/usr/local/texlive/2015/texmf-dist/tex/generic/oberdiek/hobsub-generic.sty
Package: hobsub-generic 2012/05/28 v1.13 Bundle oberdiek, subset generic (HO)
Package: hobsub 2012/05/28 v1.13 Construct package bundles (HO)
Package hobsub Info: Skipping package `infwarerr' (already loaded).
Package hobsub Info: Skipping package `ltxcmds' (already loaded).
Package: ifluatex 2010/03/01 v1.3 Provides the ifluatex switch (HO)
Package ifluatex Info: LuaTeX not detected.
Package hobsub Info: Skipping package `ifvtex' (already loaded).
Package: intcalc 2007/09/27 v1.1 Expandable calculations with integers (HO)
Package hobsub Info: Skipping package `ifpdf' (already loaded).
Package: etexcmds 2011/02/16 v1.5 Avoid name clashes with e-TeX commands (HO)
Package etexcmds Info: Could not find \expanded.
(etexcmds)             That can mean that you are not using pdfTeX 1.50 or
(etexcmds)             that some package has redefined \expanded.
(etexcmds)             In the latter case, load this package earlier.
Package: kvsetkeys 2012/04/25 v1.16 Key value parser (HO)
Package: kvdefinekeys 2011/04/07 v1.3 Define keys (HO)
Package: pdftexcmds 2011/11/29 v0.20 Utility functions of pdfTeX for LuaTeX (HO
)
Package pdftexcmds Info: LuaTeX not detected.
Package pdftexcmds Info: \pdf@primitive is available.
Package pdftexcmds Info: \pdf@ifprimitive is available.
Package pdftexcmds Info: \pdfdraftmode found.
Package: pdfescape 2011/11/25 v1.13 Implements pdfTeX's escape features (HO)
Package: bigintcalc 2012/04/08 v1.3 Expandable calculations on big integers (HO
)
Package: bitset 2011/01/30 v1.1 Handle bit-vector datatype (HO)
Package: uniquecounter 2011/01/30 v1.2 Provide unlimited unique counter (HO)
)
Package hobsub Info: Skipping package `hobsub' (already loaded).
Package: letltxmacro 2010/09/02 v1.4 Let assignment for LaTeX macros (HO)
Package: hopatch 2012/05/28 v1.2 Wrapper for package hooks (HO)
Package: xcolor-patch 2011/01/30 xcolor patch
Package: atveryend 2011/06/30 v1.8 Hooks at the very end of document (HO)
Package atveryend Info: \enddocument detected (standard20110627).
Package hobsub Info: Skipping package `atbegshi' (already loaded).
Package: refcount 2011/10/16 v3.4 Data extraction from label references (HO)
Package: hycolor 2011/01/30 v1.7 Color options for hyperref/bookmark (HO)
)
(/usr/local/texlive/2015/texmf-dist/tex/latex/oberdiek/auxhook.sty
Package: auxhook 2011/03/04 v1.3 Hooks for auxiliary files (HO)
)
(/usr/local/texlive/2015/texmf-dist/tex/latex/oberdiek/kvoptions.sty
Package: kvoptions 2011/06/30 v3.11 Key value format for package options (HO)
)
\@linkdim=\dimen164
\Hy@linkcounter=\count118
\Hy@pagecounter=\count119

(/usr/local/texlive/2015/texmf-dist/tex/latex/hyperref/pd1enc.def
File: pd1enc.def 2012/11/06 v6.83m Hyperref: PDFDocEncoding definition (HO)
)
\Hy@SavedSpaceFactor=\count120

(/usr/local/texlive/2015/texmf-dist/tex/latex/latexconfig/hyperref.cfg
File: hyperref.cfg 2002/06/06 v1.2 hyperref configuration of TeXLive
)
Package hyperref Info: Option `bookmarks' set `true' on input line 4319.
Package hyperref Info: Option `bookmarksopen' set `true' on input line 4319.
Package hyperref Info: Option `pdfpagelabels' set `false' on input line 4319.
Package hyperref Info: Option `implicit' set `false' on input line 4319.
Package hyperref Info: Hyper figures OFF on input line 4443.
Package hyperref Info: Link nesting OFF on input line 4448.
Package hyperref Info: Hyper index ON on input line 4451.
Package hyperref Info: Plain pages OFF on input line 4458.
Package hyperref Info: Backreferencing OFF on input line 4463.
Package hyperref Info: Implicit mode OFF; no redefinition of LaTeX internals.
Package hyperref Info: Bookmarks ON on input line 4688.
\c@Hy@tempcnt=\count121

(/usr/local/texlive/2015/texmf-dist/tex/latex/url/url.sty
\Urlmuskip=\muskip10
Package: url 2013/09/16  ver 3.4  Verb mode for urls, etc.
)
LaTeX Info: Redefining \url on input line 5041.
\XeTeXLinkMargin=\dimen165
\Fld@menulength=\count122
\Field@Width=\dimen166
\Fld@charsize=\dimen167
Package hyperref Info: Hyper figures OFF on input line 6295.
Package hyperref Info: Link nesting OFF on input line 6300.
Package hyperref Info: Hyper index ON on input line 6303.
Package hyperref Info: backreferencing OFF on input line 6310.
Package hyperref Info: Link coloring OFF on input line 6315.
Package hyperref Info: Link coloring with OCG OFF on input line 6320.
Package hyperref Info: PDF/A mode OFF on input line 6325.
LaTeX Info: Redefining \ref on input line 6365.
LaTeX Info: Redefining \pageref on input line 6369.


Package hyperref Message: Stopped early.

)

Package hyperref Message: Driver (autodetected): hpdftex.

(/usr/local/texlive/2015/texmf-dist/tex/latex/hyperref/hpdftex.def
File: hpdftex.def 2012/11/06 v6.83m Hyperref driver for pdfTeX
\Fld@listcount=\count123
\c@bookmark@seq@number=\count124

(/usr/local/texlive/2015/texmf-dist/tex/latex/oberdiek/rerunfilecheck.sty
Package: rerunfilecheck 2011/04/15 v1.7 Rerun checks for auxiliary files (HO)
Package uniquecounter Info: New unique counter `rerunfilecheck' on input line 2
82.
))
(/usr/local/texlive/2015/texmf-dist/tex/latex/beamer/beamerbaserequires.sty
Package: beamerbaserequires 2010/05/01  (rcs-revision efa082c6111d)

(/usr/local/texlive/2015/texmf-dist/tex/latex/beamer/beamerbasecompatibility.st
y
Package: beamerbasecompatibility 2012/05/01  (rcs-revision 67c48b3b652d)
) (/usr/local/texlive/2015/texmf-dist/tex/latex/beamer/beamerbasefont.sty
Package: beamerbasefont 2015/01/05  (rcs-revision b4b4bee242e2)

(/usr/local/texlive/2015/texmf-dist/tex/latex/amsfonts/amssymb.sty
Package: amssymb 2013/01/14 v3.01 AMS font symbols

(/usr/local/texlive/2015/texmf-dist/tex/latex/amsfonts/amsfonts.sty
Package: amsfonts 2013/01/14 v3.01 Basic AMSFonts support
\@emptytoks=\toks26
\symAMSa=\mathgroup4
\symAMSb=\mathgroup5
LaTeX Font Info:    Overwriting math alphabet `\mathfrak' in version `bold'
(Font)                  U/euf/m/n --> U/euf/b/n on input line 106.
))
(/usr/local/texlive/2015/texmf-dist/tex/latex/sansmathaccent/sansmathaccent.sty
Package: sansmathaccent 2013/03/28
(/usr/local/texlive/2015/texmf-dist/tex/latex/filehook/filehook.sty
Package: filehook 2011/10/12 v0.5d Hooks for input files
)))
(/usr/local/texlive/2015/texmf-dist/tex/latex/beamer/beamerbasetranslator.sty
Package: beamerbasetranslator 2010/06/11  (rcs-revision 85fd1cc7fc42)

(/usr/local/texlive/2015/texmf-dist/tex/latex/beamer/translator/translator.sty
Package: translator 2010/06/12 ver 1.10

(/usr/local/texlive/2015/texmf-dist/tex/latex/beamer/translator/translator-lang
uage-mappings.tex)))
(/usr/local/texlive/2015/texmf-dist/tex/latex/beamer/beamerbasemisc.sty
Package: beamerbasemisc 2013/09/03  (rcs-revision a55719c41d85)
)
(/usr/local/texlive/2015/texmf-dist/tex/latex/beamer/beamerbasetwoscreens.sty
Package: beamerbasetwoscreens 2010/05/01  (rcs-revision efa082c6111d)
)
(/usr/local/texlive/2015/texmf-dist/tex/latex/beamer/beamerbaseoverlay.sty
Package: beamerbaseoverlay 2013/12/25  (rcs-revision f6bd5e3805da)
\beamer@argscount=\count125
\beamer@lastskipcover=\skip44
\beamer@trivlistdepth=\count126
)
(/usr/local/texlive/2015/texmf-dist/tex/latex/beamer/beamerbasetitle.sty
Package: beamerbasetitle 2010/09/21  (rcs-revision f0446ed0b6ae)
)
(/usr/local/texlive/2015/texmf-dist/tex/latex/beamer/beamerbasesection.sty
Package: beamerbasesection 2013/06/07  (rcs-revision 60b9fe0f342f)
\c@lecture=\count127
\c@part=\count128
\c@section=\count129
\c@subsection=\count130
\c@subsubsection=\count131
)
(/usr/local/texlive/2015/texmf-dist/tex/latex/beamer/beamerbaseframe.sty
Package: beamerbaseframe 2014/02/20  (rcs-revision 4b8ceeeff434)
\beamer@framebox=\box40
\beamer@frametitlebox=\box41
\beamer@zoombox=\box42
\beamer@zoomcount=\count132
\beamer@zoomframecount=\count133
\beamer@frametextheight=\dimen168
\c@subsectionslide=\count134
\beamer@frametopskip=\skip45
\beamer@framebottomskip=\skip46
\beamer@frametopskipautobreak=\skip47
\beamer@framebottomskipautobreak=\skip48
\beamer@envbody=\toks27
\framewidth=\dimen169
\c@framenumber=\count135
)
(/usr/local/texlive/2015/texmf-dist/tex/latex/beamer/beamerbaseverbatim.sty
Package: beamerbaseverbatim 2015/01/05  (rcs-revision 431510bb5890)
\beamer@verbatimfileout=\write4
)
(/usr/local/texlive/2015/texmf-dist/tex/latex/beamer/beamerbaseframesize.sty
Package: beamerbaseframesize 2011/09/12  (rcs-revision 70f9d8411e54)
\beamer@splitbox=\box43
\beamer@autobreakcount=\count136
\beamer@autobreaklastheight=\dimen170
\beamer@frametitletoks=\toks28
\beamer@framesubtitletoks=\toks29
)
(/usr/local/texlive/2015/texmf-dist/tex/latex/beamer/beamerbaseframecomponents.
sty
Package: beamerbaseframecomponents 2013/10/18  (rcs-revision 5cf6c5555a45)
\beamer@footins=\box44
) (/usr/local/texlive/2015/texmf-dist/tex/latex/beamer/beamerbasecolor.sty
Package: beamerbasecolor 2015/02/21  (rcs-revision d944b04ee2d5)
)
(/usr/local/texlive/2015/texmf-dist/tex/latex/beamer/beamerbasenotes.sty
Package: beamerbasenotes 2012/12/19  (rcs-revision 1686da3db3c9)
\beamer@frameboxcopy=\box45
)
(/usr/local/texlive/2015/texmf-dist/tex/latex/beamer/beamerbasetoc.sty
Package: beamerbasetoc 2015/03/08  (rcs-revision 7270298bbaae)
)
(/usr/local/texlive/2015/texmf-dist/tex/latex/beamer/beamerbasetemplates.sty
Package: beamerbasetemplates 2010/05/01  (rcs-revision efa082c6111d)
\beamer@sbttoks=\toks30

(/usr/local/texlive/2015/texmf-dist/tex/latex/beamer/beamerbaseauxtemplates.sty
Package: beamerbaseauxtemplates 2014/06/30  (rcs-revision 580088513a67)
(/usr/local/texlive/2015/texmf-dist/tex/latex/beamer/beamerbaseboxes.sty
Package: beamerbaseboxes 2012/05/13  (rcs-revision 56972908a390)
\bmb@box=\box46
\bmb@colorbox=\box47
\bmb@boxshadow=\box48
\bmb@boxshadowball=\box49
\bmb@boxshadowballlarge=\box50
\bmb@temp=\dimen171
\bmb@dima=\dimen172
\bmb@dimb=\dimen173
\bmb@prevheight=\dimen174
)
\beamer@blockheadheight=\dimen175
))
(/usr/local/texlive/2015/texmf-dist/tex/latex/beamer/beamerbaselocalstructure.s
ty
Package: beamerbaselocalstructure 2014/09/10  (rcs-revision 393f6dcff371)
 (/usr/local/texlive/2015/texmf-dist/tex/latex/tools/enumerate.sty
Package: enumerate 2014/10/28 v3.00 enumerate extensions (DPC)
\@enLab=\toks31
)
\c@figure=\count137
\c@table=\count138
\abovecaptionskip=\skip49
\belowcaptionskip=\skip50
)
(/usr/local/texlive/2015/texmf-dist/tex/latex/beamer/beamerbasenavigation.sty
Package: beamerbasenavigation 2015/02/27  (rcs-revision 923f4bf87efa)
\beamer@section@min@dim=\dimen176
)
(/usr/local/texlive/2015/texmf-dist/tex/latex/beamer/beamerbasetheorems.sty
Package: beamerbasetheorems 2010/06/06  (rcs-revision 7e7cc5e53e9d)

(/usr/local/texlive/2015/texmf-dist/tex/latex/amsmath/amsmath.sty
Package: amsmath 2013/01/14 v2.14 AMS math features
\@mathmargin=\skip51

For additional information on amsmath, use the `?' option.
(/usr/local/texlive/2015/texmf-dist/tex/latex/amsmath/amstext.sty
Package: amstext 2000/06/29 v2.01

(/usr/local/texlive/2015/texmf-dist/tex/latex/amsmath/amsgen.sty
File: amsgen.sty 1999/11/30 v2.0
\@emptytoks=\toks32
\ex@=\dimen177
))
(/usr/local/texlive/2015/texmf-dist/tex/latex/amsmath/amsbsy.sty
Package: amsbsy 1999/11/29 v1.2d
\pmbraise@=\dimen178
)
(/usr/local/texlive/2015/texmf-dist/tex/latex/amsmath/amsopn.sty
Package: amsopn 1999/12/14 v2.01 operator names
)
\inf@bad=\count139
LaTeX Info: Redefining \frac on input line 210.
\uproot@=\count140
\leftroot@=\count141
LaTeX Info: Redefining \overline on input line 306.
\classnum@=\count142
\DOTSCASE@=\count143
LaTeX Info: Redefining \ldots on input line 378.
LaTeX Info: Redefining \dots on input line 381.
LaTeX Info: Redefining \cdots on input line 466.
\Mathstrutbox@=\box51
\strutbox@=\box52
\big@size=\dimen179
LaTeX Font Info:    Redeclaring font encoding OML on input line 566.
LaTeX Font Info:    Redeclaring font encoding OMS on input line 567.
\macc@depth=\count144
\c@MaxMatrixCols=\count145
\dotsspace@=\muskip11
\c@parentequation=\count146
\dspbrk@lvl=\count147
\tag@help=\toks33
\row@=\count148
\column@=\count149
\maxfields@=\count150
\andhelp@=\toks34
\eqnshift@=\dimen180
\alignsep@=\dimen181
\tagshift@=\dimen182
\tagwidth@=\dimen183
\totwidth@=\dimen184
\lineht@=\dimen185
\@envbody=\toks35
\multlinegap=\skip52
\multlinetaggap=\skip53
\mathdisplay@stack=\toks36
LaTeX Info: Redefining \[ on input line 2665.
LaTeX Info: Redefining \] on input line 2666.
)
(/usr/local/texlive/2015/texmf-dist/tex/latex/amscls/amsthm.sty
Package: amsthm 2015/03/04 v2.20.2
\thm@style=\toks37
\thm@bodyfont=\toks38
\thm@headfont=\toks39
\thm@notefont=\toks40
\thm@headpunct=\toks41
\thm@preskip=\skip54
\thm@postskip=\skip55
\thm@headsep=\skip56
\dth@everypar=\toks42
)
\c@theorem=\count151
)
(/usr/local/texlive/2015/texmf-dist/tex/latex/beamer/beamerbasethemes.sty
Package: beamerbasethemes 2010/05/01  (rcs-revision efa082c6111d)
))
(/usr/local/texlive/2015/texmf-dist/tex/latex/beamer/themes/theme/beamerthemede
fault.sty
Package: beamerthemedefault 2010/06/17  (rcs-revision d02a7cf4d8ae)

(/usr/local/texlive/2015/texmf-dist/tex/latex/beamer/themes/font/beamerfontthem
edefault.sty
Package: beamerfontthemedefault 2012/12/19  (rcs-revision 1686da3db3c9)
)
(/usr/local/texlive/2015/texmf-dist/tex/latex/beamer/themes/color/beamercolorth
emedefault.sty
Package: beamercolorthemedefault 2012/12/19  (rcs-revision 1686da3db3c9)
)
(/usr/local/texlive/2015/texmf-dist/tex/latex/beamer/themes/inner/beamerinnerth
emedefault.sty
Package: beamerinnerthemedefault 2014/06/30  (rcs-revision 580088513a67)
\beamer@dima=\dimen186
\beamer@dimb=\dimen187
)
(/usr/local/texlive/2015/texmf-dist/tex/latex/beamer/themes/outer/beamerouterth
emedefault.sty
Package: beamerouterthemedefault 2012/12/19  (rcs-revision 1686da3db3c9)
))) (./tex-helpers/macros.tex
(/usr/local/texlive/2015/texmf-dist/tex/latex/psnfss/mathptmx.sty
Package: mathptmx 2005/04/12 PSNFSS-v9.2a Times w/ Math, improved (SPQR, WaS) 
LaTeX Font Info:    Redeclaring symbol font `operators' on input line 28.
LaTeX Font Info:    Overwriting symbol font `operators' in version `normal'
(Font)                  OT1/cmr/m/n --> OT1/ztmcm/m/n on input line 28.
LaTeX Font Info:    Overwriting symbol font `operators' in version `bold'
(Font)                  OT1/cmr/bx/n --> OT1/ztmcm/m/n on input line 28.
LaTeX Font Info:    Redeclaring symbol font `letters' on input line 29.
LaTeX Font Info:    Overwriting symbol font `letters' in version `normal'
(Font)                  OML/cmm/m/it --> OML/ztmcm/m/it on input line 29.
LaTeX Font Info:    Overwriting symbol font `letters' in version `bold'
(Font)                  OML/cmm/b/it --> OML/ztmcm/m/it on input line 29.
LaTeX Font Info:    Redeclaring symbol font `symbols' on input line 30.
LaTeX Font Info:    Overwriting symbol font `symbols' in version `normal'
(Font)                  OMS/cmsy/m/n --> OMS/ztmcm/m/n on input line 30.
LaTeX Font Info:    Overwriting symbol font `symbols' in version `bold'
(Font)                  OMS/cmsy/b/n --> OMS/ztmcm/m/n on input line 30.
LaTeX Font Info:    Redeclaring symbol font `largesymbols' on input line 31.
LaTeX Font Info:    Overwriting symbol font `largesymbols' in version `normal'
(Font)                  OMX/cmex/m/n --> OMX/ztmcm/m/n on input line 31.
LaTeX Font Info:    Overwriting symbol font `largesymbols' in version `bold'
(Font)                  OMX/cmex/m/n --> OMX/ztmcm/m/n on input line 31.
\symbold=\mathgroup6
\symitalic=\mathgroup7
LaTeX Font Info:    Redeclaring math alphabet \mathbf on input line 34.
LaTeX Font Info:    Overwriting math alphabet `\mathbf' in version `normal'
(Font)                  OT1/cmr/bx/n --> OT1/ptm/bx/n on input line 34.
LaTeX Font Info:    Overwriting math alphabet `\mathbf' in version `bold'
(Font)                  OT1/cmr/bx/n --> OT1/ptm/bx/n on input line 34.
LaTeX Font Info:    Redeclaring math alphabet \mathit on input line 35.
LaTeX Font Info:    Overwriting math alphabet `\mathit' in version `normal'
(Font)                  OT1/cmr/m/it --> OT1/ptm/m/it on input line 35.
LaTeX Font Info:    Overwriting math alphabet `\mathit' in version `bold'
(Font)                  OT1/cmr/bx/it --> OT1/ptm/m/it on input line 35.
LaTeX Info: Redefining \hbar on input line 50.
)
(/usr/local/texlive/2015/texmf-dist/tex/latex/base/fontenc.sty
Package: fontenc 2005/09/27 v1.99g Standard LaTeX package

(/usr/local/texlive/2015/texmf-dist/tex/latex/base/t1enc.def
File: t1enc.def 2005/09/27 v1.99g Standard LaTeX file
LaTeX Font Info:    Redeclaring font encoding T1 on input line 48.
))
(/usr/local/texlive/2015/texmf-dist/tex/latex/psnfss/times.sty
Package: times 2005/04/12 PSNFSS-v9.2a (SPQR) 
)
(/usr/local/texlive/2015/texmf-dist/tex/latex/colortbl/colortbl.sty
Package: colortbl 2012/02/13 v1.0a Color table columns (DPC)

(/usr/local/texlive/2015/texmf-dist/tex/latex/tools/array.sty
Package: array 2014/10/28 v2.4c Tabular extension package (FMi)
\col@sep=\dimen188
\extrarowheight=\dimen189
\NC@list=\toks43
\extratabsurround=\skip57
\backup@length=\skip58
)
\everycr=\toks44
\minrowclearance=\skip59
)
(./mathpartir.sty
Package: mathpartir 2005/12/20 version 1.2.0 Math Paragraph for Typesetting Inf
erence Rules
\mpr@tmpdim=\dimen190
\mpr@andskip=\skip60
\mpr@lista=\toks45
\mpr@listb=\toks46
\mpr@hlist=\box53
\mpr@vlist=\box54
\mpr@right=\box55
\rule@dimen=\dimen191
)
(/usr/local/texlive/2015/texmf-dist/tex/latex/tools/xspace.sty
Package: xspace 2014/10/28 v1.13 Space after command names (DPC,MH)
)
(/usr/local/texlive/2015/texmf-dist/tex/latex/comment/comment.sty
\CommentStream=\write5

Excluding comment 'comment')
(/usr/local/texlive/2015/texmf-dist/tex/latex/multirow/multirow.sty
\bigstrutjot=\dimen192
)
(/usr/local/texlive/2015/texmf-dist/tex/latex/listings/listings.sty
\lst@mode=\count152
\lst@gtempboxa=\box56
\lst@token=\toks47
\lst@length=\count153
\lst@currlwidth=\dimen193
\lst@column=\count154
\lst@pos=\count155
\lst@lostspace=\dimen194
\lst@width=\dimen195
\lst@newlines=\count156
\lst@lineno=\count157
\lst@maxwidth=\dimen196

(/usr/local/texlive/2015/texmf-dist/tex/latex/listings/lstmisc.sty
File: lstmisc.sty 2014/09/06 1.5e (Carsten Heinz)
\c@lstnumber=\count158
\lst@skipnumbers=\count159
\lst@framebox=\box57
)
(/usr/local/texlive/2015/texmf-dist/tex/latex/listings/listings.cfg
File: listings.cfg 2014/09/06 1.5e listings configuration
))
Package: listings 2014/09/06 1.5e (Carsten Heinz)

(/usr/local/texlive/2015/texmf-dist/tex/latex/relsize/relsize.sty
Package: relsize 2013/03/29 ver 4.1
)
(/usr/local/texlive/2015/texmf-dist/tex/latex/base/fixltx2e.sty
Package: fixltx2e 2015/02/21 v2.0a fixes to LaTeX (obsolete)


Package fixltx2e Warning: fixltx2e is not required with releases after 2015
(fixltx2e)                All fixes are now in the LaTeX kernel.
(fixltx2e)                See the latexrelease package for details.

) (/usr/local/texlive/2015/texmf-dist/tex/latex/psnfss/courier.sty
Package: courier 2005/04/12 PSNFSS-v9.2a (WaS) 
)
(/usr/local/texlive/2015/texmf-dist/tex/latex/soul/soul.sty
Package: soul 2003/11/17 v2.4 letterspacing/underlining (mf)
\SOUL@word=\toks48
\SOUL@lasttoken=\toks49
\SOUL@cmds=\toks50
\SOUL@buffer=\toks51
\SOUL@token=\toks52
\SOUL@spaceskip=\skip61
\SOUL@ttwidth=\dimen197
\SOUL@uldp=\dimen198
\SOUL@ulht=\dimen199
)
(/usr/local/texlive/2015/texmf-dist/tex/latex/listings/lstlang1.sty
File: lstlang1.sty 2014/09/06 1.5e listings language file
)
(/usr/local/texlive/2015/texmf-dist/tex/latex/listings/lstlang2.sty
File: lstlang2.sty 2014/09/06 1.5e listings language file
)
(/usr/local/texlive/2015/texmf-dist/tex/latex/listings/lstlang3.sty
File: lstlang3.sty 2014/09/06 1.5e listings language file
))
(./beamerthemeisu.sty (./beamerouterthemeisu.sty)
(/usr/local/texlive/2015/texmf-dist/tex/latex/beamer/themes/inner/beamerinnerth
emerounded.sty
Package: beamerinnerthemerounded 2010/06/17  (rcs-revision d02a7cf4d8ae)
)
(/usr/local/texlive/2015/texmf-dist/tex/latex/beamer/themes/color/beamercolorth
emewhale.sty
Package: beamercolorthemewhale 2010/06/17  (rcs-revision d02a7cf4d8ae)
)
(/usr/local/texlive/2015/texmf-dist/tex/latex/beamer/themes/color/beamercolorth
emeorchid.sty
Package: beamercolorthemeorchid 2010/06/17  (rcs-revision d02a7cf4d8ae)
)) (/usr/local/texlive/2015/texmf-dist/tex/latex/base/latexsym.sty
Package: latexsym 1998/08/17 v2.2e Standard LaTeX package (lasy symbols)
\symlasy=\mathgroup8
LaTeX Font Info:    Overwriting symbol font `lasy' in version `bold'
(Font)                  U/lasy/m/n --> U/lasy/b/n on input line 52.
)

Package mathptmx Warning: There are no bold math fonts on input line 16.

(/usr/local/texlive/2015/texmf-dist/tex/generic/babel/babel.sty
Package: babel 2014/09/25 3.9l The Babel package

(/usr/local/texlive/2015/texmf-dist/tex/generic/babel-english/english.ldf
Language: english 2012/08/20 v3.3p English support from the babel system

(/usr/local/texlive/2015/texmf-dist/tex/generic/babel/babel.def
File: babel.def 2014/09/25 3.9l Babel common definitions
\babel@savecnt=\count160
\U@D=\dimen200
LaTeX Info: Redefining \textlatin on input line 1431.
)
\l@canadian = a dialect from \language\l@american 
\l@australian = a dialect from \language\l@british 
\l@newzealand = a dialect from \language\l@british 
))
(/usr/local/texlive/2015/texmf-dist/tex/latex/base/inputenc.sty
Package: inputenc 2015/03/17 v1.2c Input encoding file
\inpenc@prehook=\toks53
\inpenc@posthook=\toks54

(/usr/local/texlive/2015/texmf-dist/tex/latex/base/latin1.def
File: latin1.def 2015/03/17 v1.2c Input encoding file
))
\bibdata{refs}
No file presentation.bbl.
(./presentation.aux)
\openout1 = `presentation.aux'.

LaTeX Font Info:    Checking defaults for OML/cmm/m/it on input line 42.
LaTeX Font Info:    ... okay on input line 42.
LaTeX Font Info:    Checking defaults for T1/cmr/m/n on input line 42.
LaTeX Font Info:    ... okay on input line 42.
LaTeX Font Info:    Checking defaults for OT1/cmr/m/n on input line 42.
LaTeX Font Info:    ... okay on input line 42.
LaTeX Font Info:    Checking defaults for OMS/cmsy/m/n on input line 42.
LaTeX Font Info:    ... okay on input line 42.
LaTeX Font Info:    Checking defaults for OMX/cmex/m/n on input line 42.
LaTeX Font Info:    ... okay on input line 42.
LaTeX Font Info:    Checking defaults for U/cmr/m/n on input line 42.
LaTeX Font Info:    ... okay on input line 42.
LaTeX Font Info:    Checking defaults for PD1/pdf/m/n on input line 42.
LaTeX Font Info:    ... okay on input line 42.
LaTeX Font Info:    Try loading font information for T1+phv on input line 42.

(/usr/local/texlive/2015/texmf-dist/tex/latex/psnfss/t1phv.fd
File: t1phv.fd 2001/06/04 scalable font definitions for T1/phv.
)
*geometry* driver: auto-detecting
*geometry* detected driver: pdftex
*geometry* verbose mode - [ preamble ] result:
* driver: pdftex
* paper: custom
* layout: <same size as paper>
* layoutoffset:(h,v)=(0.0pt,0.0pt)
* modes: includehead includefoot 
* h-part:(L,W,R)=(28.45274pt, 307.28987pt, 28.45274pt)
* v-part:(T,H,B)=(0.0pt, 273.14662pt, 0.0pt)
* \paperwidth=364.19536pt
* \paperheight=273.14662pt
* \textwidth=307.28987pt
* \textheight=244.6939pt
* \oddsidemargin=-43.81725pt
* \evensidemargin=-43.81725pt
* \topmargin=-72.26999pt
* \headheight=14.22636pt
* \headsep=0.0pt
* \topskip=11.0pt
* \footskip=14.22636pt
* \marginparwidth=4.0pt
* \marginparsep=10.0pt
* \columnsep=10.0pt
* \skip\footins=10.0pt plus 4.0pt minus 2.0pt
* \hoffset=0.0pt
* \voffset=0.0pt
* \mag=1000
* \@twocolumnfalse
* \@twosidefalse
* \@mparswitchfalse
* \@reversemarginfalse
* (1in=72.27pt=25.4mm, 1cm=28.453pt)

(/usr/local/texlive/2015/texmf-dist/tex/context/base/supp-pdf.mkii
[Loading MPS to PDF converter (version 2006.09.02).]
\scratchcounter=\count161
\scratchdimen=\dimen201
\scratchbox=\box58
\nofMPsegments=\count162
\nofMParguments=\count163
\everyMPshowfont=\toks55
\MPscratchCnt=\count164
\MPscratchDim=\dimen202
\MPnumerator=\count165
\makeMPintoPDFobject=\count166
\everyMPtoPDFconversion=\toks56
) (/usr/local/texlive/2015/texmf-dist/tex/latex/oberdiek/epstopdf-base.sty
Package: epstopdf-base 2010/02/09 v2.5 Base part for package epstopdf

(/usr/local/texlive/2015/texmf-dist/tex/latex/oberdiek/grfext.sty
Package: grfext 2010/08/19 v1.1 Manage graphics extensions (HO)
)
Package grfext Info: Graphics extension search list:
(grfext)             [.pdf,.jpg,.png,.eps]
(grfext)             \AppendGraphicsExtensions on input line 452.

(/usr/local/texlive/2015/texmf-dist/tex/latex/latexconfig/epstopdf-sys.cfg
File: epstopdf-sys.cfg 2010/07/13 v1.3 Configuration of (r)epstopdf for TeX Liv
e
))
ABD: EveryShipout initializing macros
\AtBeginShipoutBox=\box59
Package hyperref Info: Link coloring OFF on input line 42.

(/usr/local/texlive/2015/texmf-dist/tex/latex/hyperref/nameref.sty
Package: nameref 2012/10/27 v2.43 Cross-referencing by name of section

(/usr/local/texlive/2015/texmf-dist/tex/generic/oberdiek/gettitlestring.sty
Package: gettitlestring 2010/12/03 v1.4 Cleanup title references (HO)
)
\c@section@level=\count167
)
LaTeX Info: Redefining \ref on input line 42.
LaTeX Info: Redefining \pageref on input line 42.
LaTeX Info: Redefining \nameref on input line 42.

(./presentation.out) (./presentation.out)
\@outlinefile=\write6
\openout6 = `presentation.out'.

LaTeX Font Info:    Overwriting symbol font `operators' in version `normal'
(Font)                  OT1/ztmcm/m/n --> OT1/cmss/m/n on input line 42.
LaTeX Font Info:    Overwriting symbol font `operators' in version `bold'
(Font)                  OT1/ztmcm/m/n --> OT1/cmss/bx/n on input line 42.
\symnumbers=\mathgroup9
\sympureletters=\mathgroup10
LaTeX Font Info:    Overwriting math alphabet `\mathrm' in version `normal'
(Font)                  OT1/cmss/m/n --> T1/ptm/m/n on input line 42.
LaTeX Font Info:    Redeclaring math alphabet \mathbf on input line 42.
LaTeX Font Info:    Overwriting math alphabet `\mathbf' in version `normal'
(Font)                  OT1/ptm/bx/n --> T1/phv/bx/n on input line 42.
LaTeX Font Info:    Overwriting math alphabet `\mathbf' in version `bold'
(Font)                  OT1/ptm/bx/n --> T1/phv/bx/n on input line 42.
LaTeX Font Info:    Redeclaring math alphabet \mathsf on input line 42.
LaTeX Font Info:    Overwriting math alphabet `\mathsf' in version `normal'
(Font)                  OT1/cmss/m/n --> T1/phv/m/n on input line 42.
LaTeX Font Info:    Overwriting math alphabet `\mathsf' in version `bold'
(Font)                  OT1/cmss/bx/n --> T1/phv/m/n on input line 42.
LaTeX Font Info:    Redeclaring math alphabet \mathit on input line 42.
LaTeX Font Info:    Overwriting math alphabet `\mathit' in version `normal'
(Font)                  OT1/ptm/m/it --> T1/phv/m/it on input line 42.
LaTeX Font Info:    Overwriting math alphabet `\mathit' in version `bold'
(Font)                  OT1/ptm/m/it --> T1/phv/m/it on input line 42.
LaTeX Font Info:    Redeclaring math alphabet \mathtt on input line 42.
LaTeX Font Info:    Overwriting math alphabet `\mathtt' in version `normal'
(Font)                  OT1/cmtt/m/n --> T1/pcr/m/n on input line 42.
LaTeX Font Info:    Overwriting math alphabet `\mathtt' in version `bold'
(Font)                  OT1/cmtt/m/n --> T1/pcr/m/n on input line 42.
LaTeX Font Info:    Overwriting symbol font `numbers' in version `bold'
(Font)                  T1/phv/m/n --> T1/phv/bx/n on input line 42.
LaTeX Font Info:    Overwriting symbol font `pureletters' in version `bold'
(Font)                  T1/phv/m/it --> T1/phv/bx/it on input line 42.
LaTeX Font Info:    Overwriting math alphabet `\mathrm' in version `bold'
(Font)                  OT1/cmss/bx/n --> T1/ptm/bx/n on input line 42.
LaTeX Font Info:    Overwriting math alphabet `\mathbf' in version `bold'
(Font)                  T1/phv/bx/n --> T1/phv/bx/n on input line 42.
LaTeX Font Info:    Overwriting math alphabet `\mathsf' in version `bold'
(Font)                  T1/phv/m/n --> T1/phv/bx/n on input line 42.
LaTeX Font Info:    Overwriting math alphabet `\mathit' in version `bold'
(Font)                  T1/phv/m/it --> T1/phv/bx/it on input line 42.
LaTeX Font Info:    Overwriting math alphabet `\mathtt' in version `bold'
(Font)                  T1/pcr/m/n --> T1/pcr/bx/n on input line 42.

(/usr/local/texlive/2015/texmf-dist/tex/latex/beamer/translator/dicts/translato
r-basic-dictionary/translator-basic-dictionary-English.dict
Dictionary: translator-basic-dictionary, Language: English 
)
(/usr/local/texlive/2015/texmf-dist/tex/latex/beamer/translator/dicts/translato
r-bibliography-dictionary/translator-bibliography-dictionary-English.dict
Dictionary: translator-bibliography-dictionary, Language: English 
)
(/usr/local/texlive/2015/texmf-dist/tex/latex/beamer/translator/dicts/translato
r-environment-dictionary/translator-environment-dictionary-English.dict
Dictionary: translator-environment-dictionary, Language: English 
)
(/usr/local/texlive/2015/texmf-dist/tex/latex/beamer/translator/dicts/translato
r-months-dictionary/translator-months-dictionary-English.dict
Dictionary: translator-months-dictionary, Language: English 
)
(/usr/local/texlive/2015/texmf-dist/tex/latex/beamer/translator/dicts/translato
r-numbers-dictionary/translator-numbers-dictionary-English.dict
Dictionary: translator-numbers-dictionary, Language: English 
)
(/usr/local/texlive/2015/texmf-dist/tex/latex/beamer/translator/dicts/translato
r-theorem-dictionary/translator-theorem-dictionary-English.dict
Dictionary: translator-theorem-dictionary, Language: English 
)
LaTeX Info: Redefining \includegraphics on input line 42.
\c@lstlisting=\count168

(./presentation.nav)
LaTeX Font Info:    Font shape `T1/phv/bx/n' in size <10.95> not available
(Font)              Font shape `T1/phv/b/n' tried instead on input line 45.
 [1

{/usr/local/texlive/2015/texmf-var/fonts/map/pdftex/updmap/pdftex.map}] (./intr
o.tex
LaTeX Font Info:    Try loading font information for OML+ztmcm on input line 34
.

(/usr/local/texlive/2015/texmf-dist/tex/latex/psnfss/omlztmcm.fd
File: omlztmcm.fd 2000/01/03 Fontinst v1.801 font definitions for OML/ztmcm.
)
LaTeX Font Info:    Try loading font information for OMS+ztmcm on input line 34
.

(/usr/local/texlive/2015/texmf-dist/tex/latex/psnfss/omsztmcm.fd
File: omsztmcm.fd 2000/01/03 Fontinst v1.801 font definitions for OMS/ztmcm.
)
LaTeX Font Info:    Try loading font information for OMX+ztmcm on input line 34
.

(/usr/local/texlive/2015/texmf-dist/tex/latex/psnfss/omxztmcm.fd
File: omxztmcm.fd 2000/01/03 Fontinst v1.801 font definitions for OMX/ztmcm.
)
LaTeX Font Info:    Try loading font information for OT1+ptm on input line 34.

(/usr/local/texlive/2015/texmf-dist/tex/latex/psnfss/ot1ptm.fd
File: ot1ptm.fd 2001/06/04 font definitions for OT1/ptm.
)
LaTeX Font Info:    Font shape `OT1/ptm/bx/n' in size <8> not available
(Font)              Font shape `OT1/ptm/b/n' tried instead on input line 34.
LaTeX Font Info:    Font shape `OT1/ptm/bx/n' in size <6> not available
(Font)              Font shape `OT1/ptm/b/n' tried instead on input line 34.
LaTeX Font Info:    Font shape `OT1/ptm/bx/n' in size <5> not available
(Font)              Font shape `OT1/ptm/b/n' tried instead on input line 34.
LaTeX Font Info:    Try loading font information for U+lasy on input line 34.

(/usr/local/texlive/2015/texmf-dist/tex/latex/base/ulasy.fd
File: ulasy.fd 1998/08/17 v2.2e LaTeX symbol font definitions
)
LaTeX Font Info:    Font shape `T1/phv/m/it' in size <8> not available
(Font)              Font shape `T1/phv/m/sl' tried instead on input line 34.
LaTeX Font Info:    Font shape `T1/phv/m/it' in size <6> not available
(Font)              Font shape `T1/phv/m/sl' tried instead on input line 34.
LaTeX Font Info:    Font shape `T1/phv/m/it' in size <5> not available
(Font)              Font shape `T1/phv/m/sl' tried instead on input line 34.
 [2

])
(./problem.tex [3

]
LaTeX Font Info:    Font shape `OT1/ptm/bx/n' in size <10.95> not available
(Font)              Font shape `OT1/ptm/b/n' tried instead on input line 48.
LaTeX Font Info:    Font shape `T1/phv/m/it' in size <10.95> not available
(Font)              Font shape `T1/phv/m/sl' tried instead on input line 48.
 <figures/tomcat.png, id=280, 209.78375pt x 157.58875pt>
File: figures/tomcat.png Graphic file (type png)

<use figures/tomcat.png>
Package pdftex.def Info: figures/tomcat.png used on input line 48.
(pdftex.def)             Requested size: 64.53265pt x 48.47688pt.
 [4

 <./figures/tomcat.png>]
<figures/tomcat-tool.png, id=323, 477.785pt x 320.19624pt>
File: figures/tomcat-tool.png Graphic file (type png)

<use figures/tomcat-tool.png>
Package pdftex.def Info: figures/tomcat-tool.png used on input line 58.
(pdftex.def)             Requested size: 184.3758pt x 123.56174pt.

Overfull \vbox (9.87073pt too high) detected at line 58
 []

[5

 <./figures/tomcat-tool.png>]
<figures/tomcat-sharing.png, id=363, 862.22125pt x 341.275pt>
File: figures/tomcat-sharing.png Graphic file (type png)

<use figures/tomcat-sharing.png>
Package pdftex.def Info: figures/tomcat-sharing.png used on input line 68.
(pdftex.def)             Requested size: 261.19826pt x 103.3831pt.
 [6

 <./figures/tomcat-sharing.png>] [7

]
[8

] <figures/adopting.jpg, id=481, 795.97375pt x 298.11375pt>
File: figures/adopting.jpg Graphic file (type jpg)

<use figures/adopting.jpg>
Package pdftex.def Info: figures/adopting.jpg used on input line 94.
(pdftex.def)             Requested size: 278.59499pt x 104.34137pt.
 [9

 <./figures/adopting.jpg>]
Overfull \hbox (2.94727pt too wide) has occurred while \output is active
 []\T1/phv/m/n/6 10/50  
 []

[10

]
LaTeX Font Info:    Font shape `OT1/ptm/bx/n' in size <9> not available
(Font)              Font shape `OT1/ptm/b/n' tried instead on input line 117.
LaTeX Font Info:    Font shape `OT1/ptm/bx/n' in size <7> not available
(Font)              Font shape `OT1/ptm/b/n' tried instead on input line 117.
LaTeX Font Info:    Font shape `T1/phv/m/it' in size <9> not available
(Font)              Font shape `T1/phv/m/sl' tried instead on input line 117.
LaTeX Font Info:    Font shape `T1/phv/m/it' in size <7> not available
(Font)              Font shape `T1/phv/m/sl' tried instead on input line 117.

Overfull \hbox (2.94727pt too wide) has occurred while \output is active
 []\T1/phv/m/n/6 11/50  
 []

[11

]
Overfull \hbox (2.94727pt too wide) has occurred while \output is active
 []\T1/phv/m/n/6 12/50  
 []

[12

] <figures/tomcat.jpg, id=637, 181.67876pt x 140.525pt>
File: figures/tomcat.jpg Graphic file (type jpg)

<use figures/tomcat.jpg>
Package pdftex.def Info: figures/tomcat.jpg used on input line 167.
(pdftex.def)             Requested size: 45.63248pt x 35.29626pt.

<figures/privaterepo.jpg, id=638, 181.67876pt x 144.54pt>
File: figures/privaterepo.jpg Graphic file (type jpg)

<use figures/privaterepo.jpg>
Package pdftex.def Info: figures/privaterepo.jpg used on input line 167.
(pdftex.def)             Requested size: 45.63248pt x 36.30472pt.

<figures/privaterepobob.jpg, id=639, 191.71625pt x 140.525pt>
File: figures/privaterepobob.jpg Graphic file (type jpg)

<use figures/privaterepobob.jpg>
Package pdftex.def Info: figures/privaterepobob.jpg used on input line 167.
(pdftex.def)             Requested size: 45.63248pt x 33.44792pt.

Overfull \hbox (2.94727pt too wide) has occurred while \output is active
 []\T1/phv/m/n/6 13/50  
 []

[13

 <./figures/tomcat.jpg> <./figures/privaterepo.jpg> <./figures/privaterepobob.j
pg>] <figures/toolsavailability.png, id=678, 643.40375pt x 448.67625pt>
File: figures/toolsavailability.png Graphic file (type png)

<use figures/toolsavailability.png>
Package pdftex.def Info: figures/toolsavailability.png used on input line 189.
(pdftex.def)             Requested size: 103.70961pt x 72.31682pt.
LaTeX Font Info:    Font shape `OT1/ptm/bx/n' in size <10> not available
(Font)              Font shape `OT1/ptm/b/n' tried instead on input line 189.
LaTeX Font Info:    Font shape `OT1/ptm/bx/n' in size <7.4> not available
(Font)              Font shape `OT1/ptm/b/n' tried instead on input line 189.
LaTeX Font Info:    Font shape `T1/phv/m/it' in size <10> not available
(Font)              Font shape `T1/phv/m/sl' tried instead on input line 189.
LaTeX Font Info:    Font shape `T1/phv/m/it' in size <7.4> not available
(Font)              Font shape `T1/phv/m/sl' tried instead on input line 189.
LaTeX Font Info:    Font shape `OT1/ptm/bx/n' in size <14.4> not available
(Font)              Font shape `OT1/ptm/b/n' tried instead on input line 189.
LaTeX Font Info:    Font shape `T1/phv/m/it' in size <14.4> not available
(Font)              Font shape `T1/phv/m/sl' tried instead on input line 189.

Overfull \hbox (2.94727pt too wide) has occurred while \output is active
 []\T1/phv/m/n/6 14/50  
 []

[14

 <./figures/toolsavailability.png>]) (./approach.tex
LaTeX Font Info:    Try loading font information for T1+pcr on input line 13.

(/usr/local/texlive/2015/texmf-dist/tex/latex/psnfss/t1pcr.fd
File: t1pcr.fd 2001/06/04 font definitions for T1/pcr.
)
Overfull \hbox (2.94727pt too wide) has occurred while \output is active
 []\T1/phv/m/n/6 15/50  
 []

[15

] <figures/example1.jpg, id=764, 1467.4825pt x 618.31pt>
File: figures/example1.jpg Graphic file (type jpg)

<use figures/example1.jpg>
Package pdftex.def Info: figures/example1.jpg used on input line 23.
(pdftex.def)             Requested size: 276.559pt x 116.51778pt.

Overfull \hbox (2.94727pt too wide) has occurred while \output is active
 []\T1/phv/m/n/6 16/50  
 []

[16

 <./figures/example1.jpg>]
Overfull \hbox (2.94727pt too wide) has occurred while \output is active
 []\T1/phv/m/n/6 17/50  
 []

[17

]
LaTeX Font Info:    Font shape `T1/phv/bx/n' in size <10> not available
(Font)              Font shape `T1/phv/b/n' tried instead on input line 52.

Overfull \hbox (2.94727pt too wide) has occurred while \output is active
 []\T1/phv/m/n/6 18/50  
 []

[18

]
Overfull \hbox (2.94727pt too wide) has occurred while \output is active
 []\T1/phv/m/n/6 19/50  
 []

[19

] <figures/fault-tolerance.jpg, id=926, 921.4425pt x 631.35875pt>
File: figures/fault-tolerance.jpg Graphic file (type jpg)

<use figures/fault-tolerance.jpg>
Package pdftex.def Info: figures/fault-tolerance.jpg used on input line 84.
(pdftex.def)             Requested size: 215.10196pt x 147.37704pt.

Overfull \hbox (2.94727pt too wide) has occurred while \output is active
 []\T1/phv/m/n/6 20/50  
 []

[20

 <./figures/fault-tolerance.jpg>]
<figures/rdd-vs-dsm.jpg, id=967, 1207.51125pt x 668.4975pt>
File: figures/rdd-vs-dsm.jpg Graphic file (type jpg)

<use figures/rdd-vs-dsm.jpg>
Package pdftex.def Info: figures/rdd-vs-dsm.jpg used on input line 93.
(pdftex.def)             Requested size: 276.559pt x 153.09836pt.

Overfull \hbox (2.94727pt too wide) has occurred while \output is active
 []\T1/phv/m/n/6 21/50  
 []

[21

 <./figures/rdd-vs-dsm.jpg>]
Overfull \hbox (2.94727pt too wide) has occurred while \output is active
 []\T1/phv/m/n/6 22/50  
 []

[22

]) (./example.tex
<figures/example2.jpg, id=1047, 832.10875pt x 221.82875pt>
File: figures/example2.jpg Graphic file (type jpg)

<use figures/example2.jpg>
Package pdftex.def Info: figures/example2.jpg used on input line 11.
(pdftex.def)             Requested size: 245.83282pt x 65.53368pt.

Overfull \hbox (2.94727pt too wide) has occurred while \output is active
 []\T1/phv/m/n/6 23/50  
 []

[23

 <./figures/example2.jpg>]
<figures/example2-wall-through.jpg, id=1095, 1343.0175pt x 600.2425pt>
File: figures/example2-wall-through.jpg Graphic file (type jpg)

<use figures/example2-wall-through.jpg>
Package pdftex.def Info: figures/example2-wall-through.jpg used on input line 1
8.
(pdftex.def)             Requested size: 276.559pt x 123.60004pt.

Overfull \hbox (2.94727pt too wide) has occurred while \output is active
 []\T1/phv/m/n/6 24/50  
 []

[24

 <./figures/example2-wall-through.jpg>]
<figures/example2-rdd-dag.jpg, id=1136, 1178.4025pt x 603.25375pt>
File: figures/example2-rdd-dag.jpg Graphic file (type jpg)

<use figures/example2-rdd-dag.jpg>
Package pdftex.def Info: figures/example2-rdd-dag.jpg used on input line 26.
(pdftex.def)             Requested size: 276.559pt x 141.57133pt.

Overfull \hbox (2.94727pt too wide) has occurred while \output is active
 []\T1/phv/m/n/6 25/50  
 []

[25

 <./figures/example2-rdd-dag.jpg>]
<figures/example2-staging.jpg, id=1179, 1010.77625pt x 646.415pt>
File: figures/example2-staging.jpg Graphic file (type jpg)

<use figures/example2-staging.jpg>
Package pdftex.def Info: figures/example2-staging.jpg used on input line 34.
(pdftex.def)             Requested size: 184.3758pt x 117.90811pt.

Overfull \hbox (2.94727pt too wide) has occurred while \output is active
 []\T1/phv/m/n/6 26/50  
 []

[26

 <./figures/example2-staging.jpg>]
<figures/example2-tasking.jpg, id=1220, 1048.91875pt x 716.6775pt>
File: figures/example2-tasking.jpg Graphic file (type jpg)

<use figures/example2-tasking.jpg>
Package pdftex.def Info: figures/example2-tasking.jpg used on input line 42.
(pdftex.def)             Requested size: 245.83282pt x 167.95995pt.

Overfull \hbox (2.94727pt too wide) has occurred while \output is active
 []\T1/phv/m/n/6 27/50  
 []

[27

 <./figures/example2-tasking.jpg>]
<figures/example2-scheduling.jpg, id=1262, 1316.92pt x 765.86125pt>
File: figures/example2-scheduling.jpg Graphic file (type jpg)

<use figures/example2-scheduling.jpg>
Package pdftex.def Info: figures/example2-scheduling.jpg used on input line 50.

(pdftex.def)             Requested size: 276.559pt x 160.82391pt.

Overfull \hbox (2.94727pt too wide) has occurred while \output is active
 []\T1/phv/m/n/6 28/50  
 []

[28

 <./figures/example2-scheduling.jpg>]
<figures/example2-shuffling.jpg, id=1303, 851.18pt x 743.77875pt>
File: figures/example2-shuffling.jpg Graphic file (type jpg)

<use figures/example2-shuffling.jpg>
Package pdftex.def Info: figures/example2-shuffling.jpg used on input line 58.
(pdftex.def)             Requested size: 184.3758pt x 161.11232pt.

Overfull \hbox (2.94727pt too wide) has occurred while \output is active
 []\T1/phv/m/n/6 29/50  
 []

[29

 <./figures/example2-shuffling.jpg>]
<figures/example2-shuffling-details.jpg, id=1344, 1353.055pt x 786.94pt>
File: figures/example2-shuffling-details.jpg Graphic file (type jpg)

<use figures/example2-shuffling-details.jpg>
Package pdftex.def Info: figures/example2-shuffling-details.jpg used on input l
ine 66.
(pdftex.def)             Requested size: 276.559pt x 160.84343pt.

Overfull \hbox (2.94727pt too wide) has occurred while \output is active
 []\T1/phv/m/n/6 30/50  
 []

[30

 <./figures/example2-shuffling-details.jpg>]) (./rdds.tex
\openout4 = `presentation.vrb'.


(./presentation.vrb
LaTeX Font Info:    Font shape `T1/phv/bx/n' in size <8> not available
(Font)              Font shape `T1/phv/b/n' tried instead on input line 2.
)
Overfull \hbox (2.94727pt too wide) has occurred while \output is active
 []\T1/phv/m/n/6 31/50  
 []

[31

]
\openout4 = `presentation.vrb'.

 (./presentation.vrb)
Overfull \hbox (2.94727pt too wide) has occurred while \output is active
 []\T1/phv/m/n/6 32/50  
 []

[32

]
\openout4 = `presentation.vrb'.

 (./presentation.vrb)
Overfull \hbox (2.94727pt too wide) has occurred while \output is active
 []\T1/phv/m/n/6 33/50  
 []

[33

] <figures/rdd-operations.jpg, id=1511, 1388.18625pt x 754.82pt>
File: figures/rdd-operations.jpg Graphic file (type jpg)

<use figures/rdd-operations.jpg>
Package pdftex.def Info: figures/rdd-operations.jpg used on input line 72.
(pdftex.def)             Requested size: 245.83282pt x 133.66187pt.

Overfull \hbox (2.94727pt too wide) has occurred while \output is active
 []\T1/phv/m/n/6 34/50  
 []

[34

 <./figures/rdd-operations.jpg>]
<figures/rdd-operations-details.jpg, id=1552, 974.64125pt x 433.62pt>
File: figures/rdd-operations-details.jpg Graphic file (type jpg)

<use figures/rdd-operations-details.jpg>
Package pdftex.def Info: figures/rdd-operations-details.jpg used on input line 
80.
(pdftex.def)             Requested size: 307.28987pt x 136.71011pt.

Overfull \hbox (2.94727pt too wide) has occurred while \output is active
 []\T1/phv/m/n/6 35/50  
 []

[35

 <./figures/rdd-operations-details.jpg>]
Overfull \hbox (2.94727pt too wide) has occurred while \output is active
 []\T1/phv/m/n/6 36/50  
 []

[36

]
Overfull \hbox (2.94727pt too wide) has occurred while \output is active
 []\T1/phv/m/n/6 37/50  
 []

[37

] <figures/rdd-representation.jpg, id=1674, 498.86375pt x 262.9825pt>
File: figures/rdd-representation.jpg Graphic file (type jpg)

<use figures/rdd-representation.jpg>
Package pdftex.def Info: figures/rdd-representation.jpg used on input line 125.

(pdftex.def)             Requested size: 169.01036pt x 89.09584pt.

Overfull \hbox (2.94727pt too wide) has occurred while \output is active
 []\T1/phv/m/n/6 38/50  
 []

[38

 <./figures/rdd-representation.jpg>]
<figures/rdd-dependies.jpg, id=1714, 477.785pt x 303.1325pt>
File: figures/rdd-dependies.jpg Graphic file (type jpg)

<use figures/rdd-dependies.jpg>
Package pdftex.def Info: figures/rdd-dependies.jpg used on input line 140.
(pdftex.def)             Requested size: 138.2795pt x 87.73041pt.

Overfull \hbox (2.94727pt too wide) has occurred while \output is active
 []\T1/phv/m/n/6 39/50  
 []

[39

 <./figures/rdd-dependies.jpg>]) (./evaluation.tex
Overfull \hbox (2.94727pt too wide) has occurred while \output is active
 []\T1/phv/m/n/6 40/50  
 []

[40

]
Overfull \hbox (2.94727pt too wide) has occurred while \output is active
 []\T1/phv/m/n/6 41/50  
 []

[41

] <figures/results-failure-recovery.jpg, id=1839, 1228.59pt x 626.34pt>
File: figures/results-failure-recovery.jpg Graphic file (type jpg)

<use figures/results-failure-recovery.jpg>
Package pdftex.def Info: figures/results-failure-recovery.jpg used on input lin
e 36.
(pdftex.def)             Requested size: 245.83282pt x 125.32312pt.

Overfull \hbox (2.94727pt too wide) has occurred while \output is active
 []\T1/phv/m/n/6 42/50  
 []

[42

 <./figures/results-failure-recovery.jpg>]
<figures/result-insufficient-ram.jpg, id=1880, 1329.96875pt x 702.625pt>
File: figures/result-insufficient-ram.jpg Graphic file (type jpg)

<use figures/result-insufficient-ram.jpg>
Package pdftex.def Info: figures/result-insufficient-ram.jpg used on input line
 45.
(pdftex.def)             Requested size: 245.83282pt x 129.86565pt.

Overfull \hbox (2.94727pt too wide) has occurred while \output is active
 []\T1/phv/m/n/6 43/50  
 []

[43

 <./figures/result-insufficient-ram.jpg>]
<figures/results-scalability.jpg, id=1921, 1378.14874pt x 735.74875pt>
File: figures/results-scalability.jpg Graphic file (type jpg)

<use figures/results-scalability.jpg>
Package pdftex.def Info: figures/results-scalability.jpg used on input line 54.

(pdftex.def)             Requested size: 245.83282pt x 131.23903pt.

Overfull \hbox (2.94727pt too wide) has occurred while \output is active
 []\T1/phv/m/n/6 44/50  
 []

[44

 <./figures/results-scalability.jpg>]) (./summary.tex
Overfull \hbox (2.94727pt too wide) has occurred while \output is active
 []\T1/phv/m/n/6 45/50  
 []

[45

]
Overfull \hbox (2.94727pt too wide) has occurred while \output is active
 []\T1/phv/m/n/6 46/50  
 []

[46

]
Overfull \hbox (2.94727pt too wide) has occurred while \output is active
 []\T1/phv/m/n/6 47/50  
 []

[47

]
Overfull \hbox (2.94727pt too wide) has occurred while \output is active
 []\T1/phv/m/n/6 48/50  
 []

[48

]
Overfull \hbox (2.94727pt too wide) has occurred while \output is active
 []\T1/phv/m/n/6 49/50  
 []

[49

]
Overfull \hbox (2.94727pt too wide) has occurred while \output is active
 []\T1/phv/m/n/6 50/50  
 []

[50

]) (./appendix.tex [51

]
<figures/logistic-regression.jpg, id=2232, 1297.84875pt x 379.4175pt>
File: figures/logistic-regression.jpg Graphic file (type jpg)

<use figures/logistic-regression.jpg>
Package pdftex.def Info: figures/logistic-regression.jpg used on input line 23.

(pdftex.def)             Requested size: 276.559pt x 80.84949pt.
 [52

 <./figures/logistic-regression.jpg>]
<figures/word-count.jpg, id=2260, 1084.05pt x 217.81375pt>
File: figures/word-count.jpg Graphic file (type jpg)

<use figures/word-count.jpg>
Package pdftex.def Info: figures/word-count.jpg used on input line 30.
(pdftex.def)             Requested size: 276.559pt x 55.56668pt.
 [53

 <./figures/word-count.jpg>] [54

]
File: figures/example2.jpg Graphic file (type jpg)

<use figures/example2.jpg>
Package pdftex.def Info: figures/example2.jpg used on input line 67.
(pdftex.def)             Requested size: 276.559pt x 73.72496pt.

<figures/example2-optimized.jpg, id=2315, 810.02625pt x 218.8175pt>
File: figures/example2-optimized.jpg Graphic file (type jpg)

<use figures/example2-optimized.jpg>
Package pdftex.def Info: figures/example2-optimized.jpg used on input line 67.
(pdftex.def)             Requested size: 276.559pt x 74.71082pt.
 [55

 <./figures/example2-optimized.jpg>])
\tf@nav=\write7
\openout7 = `presentation.nav'.

\tf@toc=\write8
\openout8 = `presentation.toc'.

\tf@snm=\write9
\openout9 = `presentation.snm'.

Package atveryend Info: Empty hook `BeforeClearDocument' on input line 56.
Package atveryend Info: Empty hook `AfterLastShipout' on input line 56.

(./presentation.aux)
Package atveryend Info: Empty hook `AtVeryEndDocument' on input line 56.
Package atveryend Info: Executing hook `AtEndAfterFileList' on input line 56.
Package rerunfilecheck Info: File `presentation.out' has not changed.
(rerunfilecheck)             Checksum: C5F63A749C2DFBEA130AB4B68CEABEA4;2219.
Package atveryend Info: Empty hook `AtVeryVeryEnd' on input line 56.
 ) 
Here is how much of TeX's memory you used:
 20755 strings out of 493089
 377718 string characters out of 6134842
 554045 words of memory out of 5000000
 23511 multiletter control sequences out of 15000+600000
 86337 words of font info for 135 fonts, out of 8000000 for 9000
 1141 hyphenation exceptions out of 8191
 56i,19n,56p,392b,1285s stack positions out of 5000i,500n,10000p,200000b,80000s
{/usr/local/texlive/2015/texmf-dist/fonts/enc/dvips/base/8r.enc}</usr/local/t
exlive/2015/texmf-dist/fonts/type1/public/amsfonts/symbols/msam10.pfb></usr/loc
al/texlive/2015/texmf-dist/fonts/type1/urw/courier/ucrr8a.pfb></usr/local/texli
ve/2015/texmf-dist/fonts/type1/urw/helvetic/uhvb8a.pfb></usr/local/texlive/2015
/texmf-dist/fonts/type1/urw/helvetic/uhvr8a.pfb></usr/local/texlive/2015/texmf-
dist/fonts/type1/urw/helvetic/uhvro8a.pfb>
Output written on presentation.pdf (55 pages, 2735811 bytes).
PDF statistics:
 2398 PDF objects out of 2487 (max. 8388607)
 2264 compressed objects within 23 object streams
 149 named destinations out of 1000 (max. 500000)
 488 words of extra memory for PDF output out of 10000 (max. 10000000)

